##########################################################################
#            DL8.5 default classifier using iterative search  with different max depths #
##########################################################################
max depth = 3
Model building...
DL8.5 fitting: Solution found
(nItems, nTransactions) : ( 10, 245 )
Tree: {'feat': 0, 'left': {'feat': 4, 'left': {'value': 0, 'error': 12.0}, 'right': {'value': 1, 'error': 21.0}}, 'right': {'feat': 3, 'left': {'value': 1, 'error': 22.0}, 'right': {'value': 0, 'error': 53.0}}}
Size: 7
Depth: 2
Error: 108.0
LatticeSize: 129
Runtime: 0.000382
Timeout: False
Model built. Duration of building = 0.0245
Confusion Matrix below
[[ 90  59]
 [134 102]]
Accuracy DL8.5 on training set = 0.5592
Accuracy DL8.5 on test set = 0.4987
