##########################################################################
#            DL8.5 default classifier using iterative search  with different max depths #
##########################################################################
max depth = 3
Model building...
DL8.5 fitting: Solution found
(nItems, nTransactions) : ( 10, 178 )
Tree: {'feat': 1, 'left': {'value': 0, 'error': 14.0}, 'right': {'value': 1, 'error': 56.0}}
Size: 3
Depth: 1
Error: 70.0
LatticeSize: 129
Runtime: 0.000368
Timeout: False
Model built. Duration of building = 0.0242
Confusion Matrix below
[[ 24 138]
 [ 33 190]]
Accuracy DL8.5 on training set = 0.6067
Accuracy DL8.5 on test set = 0.5558
