##########################################################################
#            DL8.5 default classifier using iterative search  with different max depths #
##########################################################################
max depth = 3
Model building...
DL8.5 fitting: Solution found
(nItems, nTransactions) : ( 10, 123 )
Tree: {'feat': 3, 'left': {'value': 0, 'error': 6.0}, 'right': {'value': 1, 'error': 40.0}}
Size: 3
Depth: 1
Error: 46.0
LatticeSize: 129
Runtime: 0.000349
Timeout: False
Model built. Duration of building = 0.0243
Confusion Matrix below
[[ 808 3372]
 [1033 4391]]
Accuracy DL8.5 on training set = 0.626
Accuracy DL8.5 on test set = 0.5413
