##########################################################################
#            DL8.5 default classifier using iterative search  with different max depths #
##########################################################################
max depth = 3
Model building...
DL8.5 fitting: Solution found
(nItems, nTransactions) : ( 10, 888 )
Tree: {'feat': 0, 'left': {'value': 1, 'error': 124.0}, 'right': {'value': 1, 'error': 234.0}}
Size: 3
Depth: 1
Error: 358.0
LatticeSize: 129
Runtime: 0.000533
Timeout: False
Model built. Duration of building = 0.0245
Confusion Matrix below
[[   0 4136]
 [   0 5468]]
Accuracy DL8.5 on training set = 0.5968
Accuracy DL8.5 on test set = 0.5693
