##########################################################################
#            DL8.5 default classifier using iterative search  with different max depths #
##########################################################################
max depth = 3
Model building...
DL8.5 fitting: Solution found
(nItems, nTransactions) : ( 10, 22 )
Tree: {'feat': 3, 'left': {'value': 0, 'error': 0.0}, 'right': {'value': 1, 'error': 0.0}}
Size: 3
Depth: 1
Error: 0.0
LatticeSize: 32
Runtime: 8.6e-05
Timeout: False
Model built. Duration of building = 0.024
Confusion Matrix below
[[ 28  18]
 [  0 339]]
Accuracy DL8.5 on training set = 1.0
Accuracy DL8.5 on test set = 0.9532
