##########################################################################
#            DL8.5 default classifier using iterative search  with different max depths #
##########################################################################
max depth = 3
Model building...
DL8.5 fitting: Solution found
(nItems, nTransactions) : ( 10, 114 )
Tree: {'feat': 3, 'left': {'value': 0, 'error': 0.0}, 'right': {'value': 1, 'error': 5.0}}
Size: 3
Depth: 1
Error: 5.0
LatticeSize: 80
Runtime: 0.000206
Timeout: False
Model built. Duration of building = 0.024
Confusion Matrix below
[[ 26  16]
 [  2 341]]
Accuracy DL8.5 on training set = 0.9561
Accuracy DL8.5 on test set = 0.9532
