##########################################################################
#            DL8.5 default classifier using iterative search  with different max depths #
##########################################################################
max depth = 3
Model building...
DL8.5 fitting: Solution found
(nItems, nTransactions) : ( 10, 71 )
Tree: {'feat': 3, 'left': {'value': 0, 'error': 0.0}, 'right': {'value': 1, 'error': 4.0}}
Size: 3
Depth: 1
Error: 4.0
LatticeSize: 51
Runtime: 0.000152
Timeout: False
Model built. Duration of building = 0.0239
Confusion Matrix below
[[ 28  15]
 [  2 340]]
Accuracy DL8.5 on training set = 0.9437
Accuracy DL8.5 on test set = 0.9558
