Try with k=1
Try with k=2
Try with k=3
Try with k=4
Try with k=5



===== RESULT =====
Depth: 5
Number of nodes: 55
Accuracy: 99.1289 %
F10>1.7
| F1>0.29
| | F1>0.38
| | | F1>0.96
| | | | F10>1.8: 1
| | | | !F10>1.8: 0
| | | !F1>0.96: 1
| | !F1>0.38
| | | F1>0.34
| | | | F10>2: 1
| | | | !F10>2: 0
| | | !F1>0.34
| | | | F10>2.2: 1
| | | | !F10>2.2: 0
| !F1>0.29
| | F1>0.16
| | | F1>0.22
| | | | F10>2.6: 1
| | | | !F10>2.6: 0
| | | !F1>0.22
| | | | F10>3: 1
| | | | !F10>3: 0
| | !F1>0.16
| | | F1>0.14
| | | | F10>3.2: 1
| | | | !F10>3.2: 0
| | | !F1>0.14
| | | | F10>3.4: 1
| | | | !F10>3.4: 0
!F10>1.7
| F10>1.4
| | F1>0.8
| | | F10>1.6
| | | | F1>0.86: 0
| | | | !F1>0.86: 1
| | | !F10>1.6: 0
| | !F1>0.8
| | | F1>0.72
| | | | F10>1.5: 1
| | | | !F10>1.5: 0
| | | !F1>0.72
| | | | F1>0.42: 1
| | | | !F1>0.42: 0
| !F10>1.4
| | F1>0.57
| | | F10>1.3
| | | | F1>0.65: 0
| | | | !F1>0.65: 1
| | | !F10>1.3: 0
| | !F1>0.57
| | | F10>1.2
| | | | F1>0.48: 1
| | | | !F1>0.48: 0
| | | !F10>1.2: 0

