Try with k=1
Try with k=2
Try with k=3
Try with k=4
Try with k=5



===== RESULT =====
Depth: 5
Number of nodes: 43
Accuracy: 97.9994 %
F10>1.6
| F1>0.24
| | F10>1.8
| | | F10>2.5: 1
| | | !F10>2.5
| | | | F1>0.32: 1
| | | | !F1>0.32: 0
| | !F10>1.8
| | | F1>0.39
| | | | F1>0.93: 0
| | | | !F1>0.93: 1
| | | !F1>0.39: 0
| !F1>0.24
| | F1>0.13
| | | F1>0.17
| | | | F10>2.9: 1
| | | | !F10>2.9: 0
| | | !F1>0.17
| | | | F10>3.1: 1
| | | | !F10>3.1: 0
| | !F1>0.13
| | | F1>0.11
| | | | F10>3.3: 1
| | | | !F10>3.3: 0
| | | !F1>0.11
| | | | F10>3.6: 1
| | | | !F10>3.6: 0
!F10>1.6
| F10>1.2
| | F1>0.77
| | | F10>1.5
| | | | F1>0.82: 0
| | | | !F1>0.82: 1
| | | !F10>1.5: 0
| | !F1>0.77
| | | F1>0.61
| | | | F10>1.4: 1
| | | | !F10>1.4: 0
| | | !F1>0.61
| | | | F1>0.45: 1
| | | | !F1>0.45: 0
| !F10>1.2: 0

