Try with k=1
Try with k=2
Try with k=3
Try with k=4
Try with k=5



===== RESULT =====
Depth: 5
Number of nodes: 55
Accuracy: 98.3838 %
F10>1.8
| F1>0.24
| | F1>0.35
| | | F10>2: 1
| | | !F10>2
| | | | F1>0.38: 1
| | | | !F1>0.38: 0
| | !F1>0.35
| | | F1>0.27
| | | | F10>2.2: 1
| | | | !F10>2.2: 0
| | | !F1>0.27
| | | | F10>2.4: 1
| | | | !F10>2.4: 0
| !F1>0.24
| | F1>0.15
| | | F1>0.2
| | | | F10>2.8: 1
| | | | !F10>2.8: 0
| | | !F1>0.2
| | | | F10>3.1: 1
| | | | !F10>3.1: 0
| | !F1>0.15
| | | F1>0.13
| | | | F10>3.2: 1
| | | | !F10>3.2: 0
| | | !F1>0.13
| | | | F10>3.4: 1
| | | | !F10>3.4: 0
!F10>1.8
| F10>1.5
| | F1>0.87
| | | F1>0.94: 0
| | | !F1>0.94
| | | | F10>1.7: 1
| | | | !F10>1.7: 0
| | !F1>0.87
| | | F1>0.79
| | | | F10>1.6: 1
| | | | !F10>1.6: 0
| | | !F1>0.79
| | | | F1>0.45: 1
| | | | !F1>0.45: 0
| !F10>1.5
| | F1>0.55
| | | F10>1.4
| | | | F1>0.65: 0
| | | | !F1>0.65: 1
| | | !F10>1.4: 0
| | !F1>0.55
| | | F10>1.2
| | | | F1>0.46: 1
| | | | !F1>0.46: 0
| | | !F10>1.2: 0

