##########################################################################
#            DL8.5 default classifier using iterative search  with different max depths #
##########################################################################
max depth = 3
Model building...
DL8.5 fitting: Solution found
(nItems, nTransactions) : ( 14, 979 )
Tree: {'feat': 3, 'left': {'feat': 4, 'left': {'value': 1, 'error': 10.0}, 'right': {'value': 0, 'error': 2.0}}, 'right': {'feat': 6, 'left': {'value': 0, 'error': 61.0}, 'right': {'value': 1, 'error': 13.0}}}
Size: 7
Depth: 2
Error: 86.0
LatticeSize: 577
Runtime: 0.002294
Timeout: False
Model built. Duration of building = 0.0267
Confusion Matrix below
[[ 742   75]
 [ 236 2412]]
Accuracy DL8.5 on training set = 0.9122
Accuracy DL8.5 on test set = 0.9102
